0 info it worked if it ends with ok
1 verbose cli [ '/usr/local/bin/node', '/usr/local/bin/npm', 'run', 'test' ]
2 info using npm@3.9.5
3 info using node@v6.2.2
4 verbose run-script [ 'pretest', 'test', 'posttest' ]
5 info lifecycle pload@0.1.0~pretest: pload@0.1.0
6 silly lifecycle pload@0.1.0~pretest: no script for pretest, continuing
7 info lifecycle pload@0.1.0~test: pload@0.1.0
8 verbose lifecycle pload@0.1.0~test: unsafe-perm in lifecycle true
9 verbose lifecycle pload@0.1.0~test: PATH: /usr/local/lib/node_modules/npm/bin/node-gyp-bin:/api/node_modules/.bin:/usr/local/bin:/usr/local/sbin:/usr/local/bin:/usr/sbin:/usr/bin:/sbin:/bin
10 verbose lifecycle pload@0.1.0~test: CWD: /api
11 silly lifecycle pload@0.1.0~test: Args: [ '-c', 'ava' ]
12 silly lifecycle pload@0.1.0~test: Returned: code: 1  signal: null
13 info lifecycle pload@0.1.0~test: Failed to exec test script
14 verbose stack Error: pload@0.1.0 test: `ava`
14 verbose stack Exit status 1
14 verbose stack     at EventEmitter.<anonymous> (/usr/local/lib/node_modules/npm/lib/utils/lifecycle.js:245:16)
14 verbose stack     at emitTwo (events.js:106:13)
14 verbose stack     at EventEmitter.emit (events.js:191:7)
14 verbose stack     at ChildProcess.<anonymous> (/usr/local/lib/node_modules/npm/lib/utils/spawn.js:24:14)
14 verbose stack     at emitTwo (events.js:106:13)
14 verbose stack     at ChildProcess.emit (events.js:191:7)
14 verbose stack     at maybeClose (internal/child_process.js:852:16)
14 verbose stack     at Process.ChildProcess._handle.onexit (internal/child_process.js:215:5)
15 verbose pkgid pload@0.1.0
16 verbose cwd /api
17 error Linux 4.9.36-moby
18 error argv "/usr/local/bin/node" "/usr/local/bin/npm" "run" "test"
19 error node v6.2.2
20 error npm  v3.9.5
21 error code ELIFECYCLE
22 error pload@0.1.0 test: `ava`
22 error Exit status 1
23 error Failed at the pload@0.1.0 test script 'ava'.
23 error Make sure you have the latest version of node.js and npm installed.
23 error If you do, this is most likely a problem with the pload package,
23 error not with npm itself.
23 error Tell the author that this fails on your system:
23 error     ava
23 error You can get information on how to open an issue for this project with:
23 error     npm bugs pload
23 error Or if that isn't available, you can get their info via:
23 error     npm owner ls pload
23 error There is likely additional logging output above.
24 verbose exit [ 1, true ]
